----- ING Technology Services -----
Execute CierraMaster All tasks;.\Bin\ing\CierraMaster_Checkpoint.sequence.xml
Restore VDA Checkpoint;.\Bin\ing\restorecheckpoint.sequence.xml
Perform single Checkpoint;.\Bin\ing\Take_Checkpoint.sequence.xml
DELETE SCVMM CHECKPOINTS WARNING!!!;.\Bin\ing\delete_Checkpoint.sequence.xml
Get users in ADGroups; .\Bin\ing\Citrix_Groups\Get_ADGroupMembers.sequence.xml
Clean Freewaygroups from disabled users;.\Bin\ING\Citrix_Groups\Clean_Groups_from_disabled.sequence.xml
Check certificates expiration;.\Bin\ING\certificates\certificates.sequence.xml
----- Freeway Accesses -----
Add users to Freeway Aplicaciones no Produccion;.\Bin\ING\Citrix_Groups\Accesos_Freeway\freewayAppsnoprod.sequence.xml
Add users to Freeway Aplicaciones Produccion;.\Bin\ING\Citrix_Groups\Accesos_Freeway\freewayAppsprod.sequence.xml
Add users to Freeway Auditoria;.\Bin\ING\Citrix_Groups\Accesos_Freeway\freewayAuditoria.sequence.xml
Add users to Freeway Canguro;.\Bin\ING\Citrix_Groups\Accesos_Freeway\freewayCanguro.sequence.xml
Add users to Freeway CanguroN2;.\Bin\ING\Citrix_Groups\Accesos_Freeway\freewayCanguro_N2.sequence.xml
Add users to Freeway DTLK;.\Bin\ING\Citrix_Groups\Accesos_Freeway\freewayDTLK.sequence.xml
Add users to Freeway DWH;.\Bin\ING\Citrix_Groups\Accesos_Freeway\freewayDWH.sequence.xml
Add users to Freeway LGCY;.\Bin\ING\Citrix_Groups\Accesos_Freeway\freewayLGCY.sequence.xml
Add users to Freeway Normal;.\Bin\ING\Citrix_Groups\Accesos_Freeway\freewayFreewayNormal.sequence.xml
Add users to Freeway VIP;.\Bin\ING\Citrix_Groups\Accesos_Freeway\freewayVIP.sequence.xml
----- Active Directory -----
Computers - Enable;.\Bin\AD\Computers\ComputerEnable.Sequence.xml
Computers - Disable;.\Bin\AD\Computers\ComputerDisable.Sequence.xml
Computers - Delete;.\Bin\AD\Computers\ComputerDelete.Sequence.xml
Users - Enable;.\Bin\AD\Users\UserEnable.Sequence.xml
Users - Disable;.\Bin\AD\Users\UserDisable.Sequence.xml
Users - Delete;.\Bin\AD\Users\UserDelete.Sequence.xml
Users - Enable SmartPass;.\Bin\AD\Users\UserEnableSP.Sequence.xml
Users - Disable SmartPass;.\Bin\AD\Users\UserDisableSP.Sequence.xml
Users - Get Info SmartPass;.\Bin\AD\Users\UserStatusSP.Sequence.xml
Users - Get User Info;.\Bin\AD\Users\UserGetInfo.Sequence.xml
Users - Remove from Groups;.\Bin\AD\Users\UserRemoveFromGroups.Sequence.xml
----- SCCM Tasks -----
Clean Computer from bad TS;.\Bin\SCCM\CleanComputersfromBadTS\CleanComputerFromBadTS.Sequence.xml
Reinstall the SCCM Client;.\Bin\SCCM\Reinstall SCCM agent\ReinstallSCCMClient.Sequence.xml
Clean SCCM Client Cache;.\Bin\SCCM\CleanSCCMCache\DeleteSCCMCache.Sequence.xml
SCCMPatchingTranches;.\Bin\SCCM\SCCMPatchingTranches\SCCMPatchingTranches.Sequence.xml
Change Site Code to C1T;.\Bin\SCCM\ChangeSiteCode2C1T\ChangeSiteCode2C1T.Sequence.xml
Agent HealthCheck - Formatted;.\Bin\SCCM\SCCMHealthCheck\SCCMHealthCheckFormatted.Sequence.xml
Agent HealthCheck - 1. Headers;.\Bin\SCCM\SCCMHealthCheck\SCCMHeaders.Sequence.xml
Agent HealthCheck - 2. Process;.\Bin\SCCM\SCCMHealthCheck\SCCMHealthCheck.Sequence.xml
Delete Computer;.\Bin\SCCM\DeleteComputer\DeleteComputer.Sequence.xml
<TESTING>Repair Windows Update;.\Bin\SCCM\SoftwareUpdatesRepair\SoftwareUpdatesRepair.Sequence.xml
----- File/Folder Operations & Checks -----
Check Files in Specific Filepaths;.\Bin\FileOps\Checkfiles\CheckFiles.Sequence.xml
Copy Files to Specific Filepaths;.\Bin\FileOps\CopyFiles\CopyFiles1.Sequence.xml
Copy Files from Source to Target Folder;.\Bin\FileOps\CopyFiles\CopyFiles2.Sequence.xml
Delete Files from Specific Filepaths;.\Bin\FileOps\DeleteFiles\DeleteFiles.Sequence.xml
File (Version) Check;.\Bin\FileOps\CheckFileVersion\CheckFileVersion.Sequence.xml
Test Path;.\Bin\FileOps\TestPath\TestPath.Sequence.xml
CreateFolders;.\Bin\FileOps\CreateFolders\CreateFolders.Sequence.xml
Deploy TNSNAMES.ORA & SQL.INI;.\Bin\FileOps\TNSNAMES\TNSNAMES.Sequence.xml
----- Software Queries & Checks -----
Firefox Version;.\Bin\Checks\FirefoxVersionCheck\FirefoxVersionCheck.Sequence.xml
Gemalto Installation;.\Bin\Checks\GemaltoDetailed\GemaltoCheck.Sequence.xml
Internet Explorer Version;.\Bin\Checks\IECheck\IECheck.Sequence.xml
Neos 1.5 Components;.\Bin\Checks\Neos1.5ComponentsCheck\Neos15Components.Sequence.xml
NEOS Service Release Tag;.\Bin\Checks\NEOSTag\NEOSTag.Sequence.xml
Registry Queries;.\Bin\Checks\RegQueries\RegQueries.sequence.xml
Power Management Check;.\Bin\Checks\PMESettingsCheck\PMESettingsCheck.Sequence.xml
HotFixes Check;.\Bin\Checks\HotfixesCheck\HotfixesCheck.Sequence.xml
Last HotFix Install Date;.\Bin\Checks\HotfixesCheck\LastHotfixInstallDateCheck.Sequence.xml
Check String in File;.\Bin\Checks\CheckStringInFile\CheckStringInFile.Sequence.xml
Search For pattern;.\Bin\Checks\SearchForPattern\SearchForPattern.Sequence.xml
----- Installations -----
OpenTrust;.\Bin\Installation\OpenTrust\OpenTrust.Sequence.xml
Gemalto;.\Bin\Installation\Gemalto\GemaltoInstallation.Sequence.xml
MapDrives;.\Bin\Installation\MapDrives\MapDrives.Sequence.xml
----- Print Management -----
Users - Query Roaming Profiles Print Queues;.\Bin\Print\QueryUserProfiles\QueryUserProfiles.Sequence.xml
Computer - Query Logged/Cached Users;.\Bin\Print\QueryLoggedUsers\QueryLoggedUsers.Sequence.xml
Computer - Query  Installed Drivers;.\Bin\Print\QueryInstalledDrivers\QueryInstalledDrivers.Sequence.xml
Computer - Fix Print Processors and Monitors;.\Bin\Print\SetWinPrint\SetWinPrint.Sequence.xml
Computer - Delete Print Queues;.\Bin\Print\DeleteQueues\DeleteQueues.Sequence.xml
<TESTING>Computer - Client Deep Clean;.\Bin\Print\DeepClean\DeepClean.Sequence.xml
----- Lotus Notes -----
Find Local NSF's;.\Bin\Lotus Notes\LN_Local Archives on C.xml
----- Tasks -----
Check Device Type (WKS, LPT, HVD);.\Bin\Tasks\ChasisType\Check_DeviceType.Sequence.xml
Display last 48 Hours Reboots;.\Bin\Tasks\CountReboots\DisplayShutdownsAndReboots.Sequence.xml
Display the current user logged on;.\Bin\Tasks\LoggedOnUser\LoggedOnUser.Sequence.xml
Get the MAC Address;.\Bin\Tasks\GetMACAddress\GetMACAddress.Sequence.xml
Get the OS Installation Date;.\Bin\Tasks\OSInstallDate\Check_OS_InstallDate.Sequence.xml 
Ping Machines (DNS Query);.\Bin\Tasks\PingDNS\PingDNS.Sequence.xml
Reboot Machines;.\Bin\Tasks\RebootMachines\RebootMachines.Sequence.xml
Search for installed KB;.\Bin\Tasks\Check_Updates_KB\Check_Updates_KB.Sequence.xml
Fix NEOS 1.50 Tag;.\Bin\Tasks\NEOSTag15\NEOSTag15.Sequence.xml
Get Free Space in C Drive;.\Bin\Tasks\GetCDriveFreeSpace\GetCDriveFreeSpace.Sequence.xml
Resolve IP to DNS;.\Bin\Tasks\IPToDNS\GetNameFromIP.sequence.xml
Renew Certificates;.\Bin\Tasks\RenewCertificate\RenewCertificate.Sequence.xml
Service - Check Status;.\Bin\Tasks\ServiceState\ServiceState.sequence.xml
Service - Action;.\Bin\Tasks\ServiceAction\ServiceAction.sequence.xml



